2026/06/01 09:32:53 [emerg] 1#1: host not found in upstream "dormi-lb:80" in /etc/nginx/conf.d/upstreams.conf:3
2026/06/01 09:33:00 [emerg] 1#1: host not found in upstream "dormi-lb:80" in /etc/nginx/conf.d/upstreams.conf:3
2026/06/01 09:33:06 [emerg] 1#1: host not found in upstream "dormi-lb:80" in /etc/nginx/conf.d/upstreams.conf:3
2026/06/01 09:33:13 [emerg] 1#1: host not found in upstream "dormi-lb:80" in /etc/nginx/conf.d/upstreams.conf:3
2026/06/01 09:33:20 [emerg] 1#1: host not found in upstream "dormi-lb:80" in /etc/nginx/conf.d/upstreams.conf:3
2026/06/01 09:33:26 [emerg] 1#1: host not found in upstream "dormi-lb:80" in /etc/nginx/conf.d/upstreams.conf:3
2026/06/01 09:33:34 [emerg] 1#1: host not found in upstream "dormi-lb:80" in /etc/nginx/conf.d/upstreams.conf:3
2026/06/01 09:33:44 [emerg] 1#1: resolving names at run time requires upstream "dormi_backend" in /etc/nginx/conf.d/upstreams.conf:1 to be in shared memory
2026/06/01 09:33:45 [emerg] 1#1: resolving names at run time requires upstream "dormi_backend" in /etc/nginx/conf.d/upstreams.conf:1 to be in shared memory
2026/06/01 09:33:46 [emerg] 1#1: resolving names at run time requires upstream "dormi_backend" in /etc/nginx/conf.d/upstreams.conf:1 to be in shared memory
2026/06/01 09:33:47 [emerg] 1#1: resolving names at run time requires upstream "dormi_backend" in /etc/nginx/conf.d/upstreams.conf:1 to be in shared memory
2026/06/01 09:33:48 [emerg] 1#1: resolving names at run time requires upstream "dormi_backend" in /etc/nginx/conf.d/upstreams.conf:1 to be in shared memory
2026/06/01 09:33:49 [emerg] 1#1: resolving names at run time requires upstream "dormi_backend" in /etc/nginx/conf.d/upstreams.conf:1 to be in shared memory
2026/06/01 09:33:51 [emerg] 1#1: resolving names at run time requires upstream "dormi_backend" in /etc/nginx/conf.d/upstreams.conf:1 to be in shared memory
2026/06/01 09:33:54 [emerg] 1#1: resolving names at run time requires upstream "dormi_backend" in /etc/nginx/conf.d/upstreams.conf:1 to be in shared memory
2026/06/01 09:34:01 [emerg] 1#1: resolving names at run time requires upstream "dormi_backend" in /etc/nginx/conf.d/upstreams.conf:1 to be in shared memory
2026/06/01 09:34:17 [error] 20#20: frontend-dormi-landing-page could not be resolved (3: Host not found)
2026/06/01 09:34:18 [error] 20#20: dormi-lb could not be resolved (3: Host not found)
2026/06/01 09:34:50 [error] 20#20: frontend-dormi-landing-page could not be resolved (3: Host not found)
2026/06/01 09:34:53 [error] 20#20: dormi-lb could not be resolved (2: Server failure)
2026/06/01 09:35:24 [error] 20#20: frontend-dormi-landing-page could not be resolved (3: Host not found)
2026/06/01 09:35:27 [error] 20#20: dormi-lb could not be resolved (3: Host not found)
2026/06/01 09:35:57 [error] 20#20: frontend-dormi-landing-page could not be resolved (3: Host not found)
2026/06/01 09:36:02 [error] 20#20: dormi-lb could not be resolved (3: Host not found)
2026/06/01 09:36:31 [error] 20#20: frontend-dormi-landing-page could not be resolved (3: Host not found)
2026/06/01 09:36:37 [error] 20#20: dormi-lb could not be resolved (3: Host not found)
2026/06/01 09:37:05 [error] 20#20: frontend-dormi-landing-page could not be resolved (3: Host not found)
2026/06/01 09:37:12 [error] 20#20: dormi-lb could not be resolved (3: Host not found)
2026/06/01 09:37:38 [error] 20#20: frontend-dormi-landing-page could not be resolved (3: Host not found)
2026/06/01 09:37:47 [error] 20#20: dormi-lb could not be resolved (3: Host not found)
2026/06/01 09:38:12 [error] 20#20: frontend-dormi-landing-page could not be resolved (3: Host not found)
2026/06/01 09:38:22 [error] 20#20: dormi-lb could not be resolved (3: Host not found)
2026/06/01 09:38:45 [error] 20#20: frontend-dormi-landing-page could not be resolved (3: Host not found)
2026/06/01 09:38:57 [error] 20#20: dormi-lb could not be resolved (3: Host not found)
2026/06/01 09:39:19 [error] 20#20: frontend-dormi-landing-page could not be resolved (3: Host not found)
2026/06/01 09:39:32 [error] 20#20: dormi-lb could not be resolved (3: Host not found)
2026/06/01 09:39:52 [error] 20#20: frontend-dormi-landing-page could not be resolved (3: Host not found)
2026/06/01 09:40:07 [error] 20#20: dormi-lb could not be resolved (3: Host not found)
2026/06/01 09:40:26 [error] 20#20: frontend-dormi-landing-page could not be resolved (3: Host not found)
2026/06/01 09:40:42 [error] 20#20: dormi-lb could not be resolved (3: Host not found)
2026/06/01 09:40:59 [error] 20#20: frontend-dormi-landing-page could not be resolved (3: Host not found)
2026/06/01 09:41:17 [error] 20#20: dormi-lb could not be resolved (3: Host not found)
2026/06/01 09:41:33 [error] 20#20: frontend-dormi-landing-page could not be resolved (3: Host not found)
2026/06/01 09:41:52 [error] 20#20: dormi-lb could not be resolved (3: Host not found)
2026/06/01 09:42:07 [error] 20#20: frontend-dormi-landing-page could not be resolved (3: Host not found)
2026/06/01 09:42:27 [error] 20#20: dormi-lb could not be resolved (3: Host not found)
2026/06/01 09:42:40 [error] 20#20: frontend-dormi-landing-page could not be resolved (3: Host not found)
2026/06/01 09:43:02 [error] 20#20: dormi-lb could not be resolved (3: Host not found)
2026/06/01 09:43:14 [error] 20#20: frontend-dormi-landing-page could not be resolved (3: Host not found)
2026/06/01 09:43:37 [error] 20#20: dormi-lb could not be resolved (3: Host not found)
2026/06/01 09:43:47 [error] 20#20: frontend-dormi-landing-page could not be resolved (3: Host not found)
2026/06/01 09:44:12 [error] 20#20: dormi-lb could not be resolved (3: Host not found)
2026/06/01 09:44:21 [error] 20#20: frontend-dormi-landing-page could not be resolved (3: Host not found)
2026/06/01 09:44:47 [error] 20#20: dormi-lb could not be resolved (3: Host not found)
2026/06/01 09:44:54 [error] 20#20: frontend-dormi-landing-page could not be resolved (3: Host not found)
2026/06/01 09:45:22 [error] 20#20: dormi-lb could not be resolved (2: Server failure)
2026/06/01 09:45:28 [error] 20#20: frontend-dormi-landing-page could not be resolved (3: Host not found)
2026/06/01 09:45:56 [error] 20#20: dormi-lb could not be resolved (3: Host not found)
2026/06/01 09:46:01 [error] 20#20: frontend-dormi-landing-page could not be resolved (3: Host not found)
2026/06/01 09:46:31 [error] 20#20: dormi-lb could not be resolved (3: Host not found)
2026/06/01 09:46:35 [error] 20#20: frontend-dormi-landing-page could not be resolved (3: Host not found)
2026/06/01 09:47:06 [error] 20#20: dormi-lb could not be resolved (3: Host not found)
2026/06/01 09:47:09 [error] 20#20: frontend-dormi-landing-page could not be resolved (3: Host not found)
2026/06/01 09:47:41 [error] 20#20: dormi-lb could not be resolved (3: Host not found)
2026/06/01 09:47:42 [error] 20#20: frontend-dormi-landing-page could not be resolved (3: Host not found)
2026/06/01 09:48:16 [error] 20#20: frontend-dormi-landing-page could not be resolved (3: Host not found)
2026/06/01 09:48:16 [error] 20#20: dormi-lb could not be resolved (3: Host not found)
2026/06/01 09:48:49 [error] 20#20: frontend-dormi-landing-page could not be resolved (3: Host not found)
2026/06/01 09:48:51 [error] 20#20: dormi-lb could not be resolved (3: Host not found)
2026/06/01 09:49:23 [error] 20#20: frontend-dormi-landing-page could not be resolved (3: Host not found)
2026/06/01 09:49:26 [error] 20#20: dormi-lb could not be resolved (3: Host not found)
2026/06/01 09:49:56 [error] 20#20: frontend-dormi-landing-page could not be resolved (3: Host not found)
2026/06/01 09:50:01 [error] 20#20: dormi-lb could not be resolved (3: Host not found)
2026/06/01 09:50:30 [error] 20#20: frontend-dormi-landing-page could not be resolved (3: Host not found)
2026/06/01 09:50:36 [error] 20#20: dormi-lb could not be resolved (3: Host not found)
2026/06/01 09:51:03 [error] 20#20: frontend-dormi-landing-page could not be resolved (3: Host not found)
2026/06/01 09:51:11 [error] 20#20: dormi-lb could not be resolved (3: Host not found)
2026/06/01 09:51:37 [error] 20#20: frontend-dormi-landing-page could not be resolved (3: Host not found)
2026/06/01 09:51:46 [error] 20#20: dormi-lb could not be resolved (3: Host not found)
2026/06/01 09:52:11 [error] 20#20: frontend-dormi-landing-page could not be resolved (3: Host not found)
2026/06/01 09:52:21 [error] 20#20: dormi-lb could not be resolved (3: Host not found)
2026/06/01 09:52:44 [error] 20#20: frontend-dormi-landing-page could not be resolved (3: Host not found)
2026/06/01 09:52:56 [error] 20#20: dormi-lb could not be resolved (3: Host not found)
2026/06/01 09:53:18 [error] 20#20: frontend-dormi-landing-page could not be resolved (3: Host not found)
2026/06/01 09:53:31 [error] 20#20: dormi-lb could not be resolved (3: Host not found)
2026/06/01 09:53:51 [error] 20#20: frontend-dormi-landing-page could not be resolved (3: Host not found)
2026/06/01 09:54:06 [error] 20#20: dormi-lb could not be resolved (3: Host not found)
2026/06/01 09:54:25 [error] 20#20: frontend-dormi-landing-page could not be resolved (3: Host not found)
2026/06/01 09:54:41 [error] 20#20: dormi-lb could not be resolved (3: Host not found)
2026/06/01 09:54:58 [error] 20#20: frontend-dormi-landing-page could not be resolved (3: Host not found)
2026/06/01 09:55:16 [error] 20#20: dormi-lb could not be resolved (3: Host not found)
2026/06/01 09:55:32 [error] 20#20: frontend-dormi-landing-page could not be resolved (3: Host not found)
2026/06/01 09:55:51 [error] 20#20: dormi-lb could not be resolved (3: Host not found)
2026/06/01 09:56:05 [error] 20#20: frontend-dormi-landing-page could not be resolved (3: Host not found)
2026/06/01 09:56:26 [error] 20#20: dormi-lb could not be resolved (3: Host not found)
2026/06/01 09:56:39 [error] 20#20: frontend-dormi-landing-page could not be resolved (3: Host not found)
2026/06/01 09:57:01 [error] 20#20: dormi-lb could not be resolved (3: Host not found)
2026/06/01 09:57:13 [error] 20#20: frontend-dormi-landing-page could not be resolved (3: Host not found)
2026/06/01 09:57:36 [error] 20#20: dormi-lb could not be resolved (3: Host not found)
2026/06/01 09:57:46 [error] 20#20: frontend-dormi-landing-page could not be resolved (3: Host not found)
2026/06/01 09:58:11 [error] 20#20: dormi-lb could not be resolved (3: Host not found)
2026/06/01 09:58:20 [error] 20#20: frontend-dormi-landing-page could not be resolved (3: Host not found)
2026/06/01 09:58:46 [error] 20#20: dormi-lb could not be resolved (3: Host not found)
2026/06/01 09:58:53 [error] 20#20: frontend-dormi-landing-page could not be resolved (3: Host not found)
2026/06/01 09:59:21 [error] 20#20: dormi-lb could not be resolved (2: Server failure)
2026/06/01 09:59:27 [error] 20#20: frontend-dormi-landing-page could not be resolved (3: Host not found)
2026/06/01 09:59:55 [error] 20#20: dormi-lb could not be resolved (3: Host not found)
2026/06/01 10:00:00 [error] 20#20: frontend-dormi-landing-page could not be resolved (3: Host not found)
2026/06/01 10:00:30 [error] 20#20: dormi-lb could not be resolved (3: Host not found)
2026/06/01 10:00:34 [error] 20#20: frontend-dormi-landing-page could not be resolved (3: Host not found)
2026/06/01 10:01:05 [error] 20#20: dormi-lb could not be resolved (3: Host not found)
2026/06/01 10:01:07 [error] 20#20: frontend-dormi-landing-page could not be resolved (3: Host not found)
2026/06/01 10:01:40 [error] 20#20: dormi-lb could not be resolved (3: Host not found)
2026/06/01 10:01:41 [error] 20#20: frontend-dormi-landing-page could not be resolved (3: Host not found)
2026/06/01 10:02:14 [error] 20#20: frontend-dormi-landing-page could not be resolved (3: Host not found)
2026/06/01 10:02:15 [error] 20#20: dormi-lb could not be resolved (3: Host not found)
2026/06/01 10:02:48 [error] 20#20: frontend-dormi-landing-page could not be resolved (3: Host not found)
2026/06/01 10:02:50 [error] 20#20: dormi-lb could not be resolved (3: Host not found)
2026/06/01 10:03:22 [error] 20#20: frontend-dormi-landing-page could not be resolved (3: Host not found)
2026/06/01 10:03:25 [error] 20#20: dormi-lb could not be resolved (3: Host not found)
2026/06/01 10:03:55 [error] 20#20: frontend-dormi-landing-page could not be resolved (3: Host not found)
2026/06/01 10:04:00 [error] 20#20: dormi-lb could not be resolved (3: Host not found)
2026/06/01 10:04:29 [error] 20#20: frontend-dormi-landing-page could not be resolved (3: Host not found)
2026/06/01 10:04:35 [error] 20#20: dormi-lb could not be resolved (2: Server failure)
2026/06/01 10:05:02 [error] 20#20: frontend-dormi-landing-page could not be resolved (3: Host not found)
2026/06/01 10:05:09 [error] 20#20: dormi-lb could not be resolved (3: Host not found)
2026/06/01 10:05:36 [error] 20#20: frontend-dormi-landing-page could not be resolved (3: Host not found)
2026/06/01 10:05:44 [error] 20#20: dormi-lb could not be resolved (3: Host not found)
2026/06/01 10:06:09 [error] 20#20: frontend-dormi-landing-page could not be resolved (3: Host not found)
2026/06/01 10:06:19 [error] 20#20: dormi-lb could not be resolved (3: Host not found)
2026/06/01 10:06:43 [error] 20#20: frontend-dormi-landing-page could not be resolved (3: Host not found)
2026/06/01 10:06:54 [error] 20#20: dormi-lb could not be resolved (3: Host not found)
2026/06/01 10:07:17 [error] 20#20: frontend-dormi-landing-page could not be resolved (3: Host not found)
2026/06/01 10:07:29 [error] 20#20: dormi-lb could not be resolved (3: Host not found)
2026/06/01 10:07:50 [error] 20#20: frontend-dormi-landing-page could not be resolved (3: Host not found)
2026/06/01 10:08:04 [error] 20#20: dormi-lb could not be resolved (3: Host not found)
2026/06/01 10:08:24 [error] 20#20: frontend-dormi-landing-page could not be resolved (3: Host not found)
2026/06/01 10:08:39 [error] 20#20: dormi-lb could not be resolved (3: Host not found)
2026/06/01 10:08:57 [error] 20#20: frontend-dormi-landing-page could not be resolved (3: Host not found)
2026/06/01 10:09:14 [error] 20#20: dormi-lb could not be resolved (3: Host not found)
2026/06/01 10:09:31 [error] 20#20: frontend-dormi-landing-page could not be resolved (3: Host not found)
2026/06/01 10:09:49 [error] 20#20: dormi-lb could not be resolved (3: Host not found)
2026/06/01 10:10:04 [error] 20#20: frontend-dormi-landing-page could not be resolved (3: Host not found)
2026/06/01 10:10:24 [error] 20#20: dormi-lb could not be resolved (3: Host not found)
2026/06/01 10:10:38 [error] 20#20: frontend-dormi-landing-page could not be resolved (3: Host not found)
2026/06/01 10:10:59 [error] 20#20: dormi-lb could not be resolved (3: Host not found)
2026/06/01 10:11:11 [error] 20#20: frontend-dormi-landing-page could not be resolved (3: Host not found)
2026/06/01 10:11:34 [error] 20#20: dormi-lb could not be resolved (3: Host not found)
2026/06/01 10:11:45 [error] 20#20: frontend-dormi-landing-page could not be resolved (3: Host not found)
2026/06/01 10:12:09 [error] 20#20: dormi-lb could not be resolved (3: Host not found)
2026/06/01 10:12:19 [error] 20#20: frontend-dormi-landing-page could not be resolved (3: Host not found)
2026/06/01 10:12:44 [error] 20#20: dormi-lb could not be resolved (3: Host not found)
2026/06/01 10:12:52 [error] 20#20: frontend-dormi-landing-page could not be resolved (3: Host not found)
2026/06/01 10:13:19 [error] 20#20: dormi-lb could not be resolved (3: Host not found)
2026/06/01 10:13:26 [error] 20#20: frontend-dormi-landing-page could not be resolved (3: Host not found)
2026/06/01 10:13:54 [error] 20#20: dormi-lb could not be resolved (3: Host not found)
2026/06/01 10:13:59 [error] 20#20: frontend-dormi-landing-page could not be resolved (3: Host not found)
2026/06/01 10:14:29 [error] 20#20: dormi-lb could not be resolved (3: Host not found)
2026/06/01 10:14:33 [error] 20#20: frontend-dormi-landing-page could not be resolved (3: Host not found)
2026/06/01 10:15:04 [error] 20#20: dormi-lb could not be resolved (3: Host not found)
2026/06/01 10:15:06 [error] 20#20: frontend-dormi-landing-page could not be resolved (3: Host not found)
2026/06/01 10:15:39 [error] 20#20: dormi-lb could not be resolved (3: Host not found)
2026/06/01 10:15:40 [error] 20#20: frontend-dormi-landing-page could not be resolved (3: Host not found)
2026/06/01 10:16:13 [error] 20#20: frontend-dormi-landing-page could not be resolved (3: Host not found)
2026/06/01 10:16:14 [error] 20#20: dormi-lb could not be resolved (2: Server failure)
2026/06/01 10:16:47 [error] 20#20: frontend-dormi-landing-page could not be resolved (3: Host not found)
2026/06/01 10:16:48 [error] 20#20: dormi-lb could not be resolved (3: Host not found)
2026/06/01 10:17:20 [error] 20#20: frontend-dormi-landing-page could not be resolved (3: Host not found)
2026/06/01 10:17:23 [error] 20#20: dormi-lb could not be resolved (3: Host not found)
2026/06/01 10:17:54 [error] 20#20: frontend-dormi-landing-page could not be resolved (3: Host not found)
2026/06/01 10:17:58 [error] 20#20: dormi-lb could not be resolved (3: Host not found)
2026/06/01 10:18:27 [error] 20#20: frontend-dormi-landing-page could not be resolved (3: Host not found)
2026/06/01 10:18:33 [error] 20#20: dormi-lb could not be resolved (3: Host not found)
2026/06/01 10:19:01 [error] 20#20: frontend-dormi-landing-page could not be resolved (3: Host not found)
2026/06/01 10:19:08 [error] 20#20: dormi-lb could not be resolved (3: Host not found)
2026/06/01 10:19:35 [error] 20#20: frontend-dormi-landing-page could not be resolved (3: Host not found)
2026/06/01 10:19:43 [error] 20#20: dormi-lb could not be resolved (3: Host not found)
2026/06/01 10:20:08 [error] 20#20: frontend-dormi-landing-page could not be resolved (3: Host not found)
2026/06/01 10:20:18 [error] 20#20: dormi-lb could not be resolved (3: Host not found)
2026/06/01 10:20:42 [error] 20#20: frontend-dormi-landing-page could not be resolved (3: Host not found)
2026/06/01 10:20:53 [error] 20#20: dormi-lb could not be resolved (3: Host not found)
2026/06/01 10:40:59 [error] 20#20: frontend-dormi-landing-page could not be resolved (3: Host not found)
2026/06/01 10:41:11 [error] 20#20: dormi-lb could not be resolved (2: Server failure)
2026/06/01 10:41:32 [error] 20#20: frontend-dormi-landing-page could not be resolved (3: Host not found)
2026/06/01 10:41:45 [error] 20#20: dormi-lb could not be resolved (3: Host not found)
2026/06/01 10:42:06 [error] 20#20: frontend-dormi-landing-page could not be resolved (3: Host not found)
2026/06/01 10:42:20 [error] 20#20: dormi-lb could not be resolved (3: Host not found)
2026/06/01 10:42:39 [error] 20#20: frontend-dormi-landing-page could not be resolved (3: Host not found)
2026/06/01 10:42:55 [error] 20#20: dormi-lb could not be resolved (3: Host not found)
2026/06/01 10:43:13 [error] 20#20: frontend-dormi-landing-page could not be resolved (3: Host not found)
2026/06/01 10:43:30 [error] 20#20: dormi-lb could not be resolved (3: Host not found)
2026/06/01 10:43:46 [error] 20#20: frontend-dormi-landing-page could not be resolved (3: Host not found)
2026/06/01 10:44:05 [error] 20#20: dormi-lb could not be resolved (3: Host not found)
2026/06/01 10:44:20 [error] 20#20: frontend-dormi-landing-page could not be resolved (3: Host not found)
2026/06/01 10:44:40 [error] 20#20: dormi-lb could not be resolved (3: Host not found)
2026/06/01 10:44:54 [error] 20#20: frontend-dormi-landing-page could not be resolved (3: Host not found)
2026/06/01 10:45:15 [error] 20#20: dormi-lb could not be resolved (3: Host not found)
2026/06/01 10:45:27 [error] 20#20: frontend-dormi-landing-page could not be resolved (3: Host not found)
2026/06/01 10:45:50 [error] 20#20: dormi-lb could not be resolved (3: Host not found)
2026/06/01 10:46:01 [error] 20#20: frontend-dormi-landing-page could not be resolved (3: Host not found)
2026/06/01 10:46:25 [error] 20#20: dormi-lb could not be resolved (3: Host not found)
2026/06/01 10:46:34 [error] 20#20: frontend-dormi-landing-page could not be resolved (3: Host not found)
2026/06/01 10:47:00 [error] 20#20: dormi-lb could not be resolved (3: Host not found)
2026/06/01 11:01:34 [error] 20#20: frontend-dormi-landing-page could not be resolved (3: Host not found)
2026/06/01 11:02:01 [error] 20#20: dormi-lb could not be resolved (3: Host not found)
2026/06/01 11:02:08 [error] 20#20: frontend-dormi-landing-page could not be resolved (3: Host not found)
2026/06/01 11:02:36 [error] 20#20: dormi-lb could not be resolved (3: Host not found)
2026/06/01 11:02:41 [error] 20#20: frontend-dormi-landing-page could not be resolved (3: Host not found)
2026/06/01 11:03:11 [error] 20#20: dormi-lb could not be resolved (3: Host not found)
2026/06/01 11:03:15 [error] 20#20: frontend-dormi-landing-page could not be resolved (3: Host not found)
2026/06/01 11:03:46 [error] 20#20: dormi-lb could not be resolved (3: Host not found)
2026/06/01 11:03:48 [error] 20#20: frontend-dormi-landing-page could not be resolved (3: Host not found)
2026/06/01 11:04:21 [error] 20#20: dormi-lb could not be resolved (3: Host not found)
2026/06/01 11:04:22 [error] 20#20: frontend-dormi-landing-page could not be resolved (3: Host not found)
2026/06/01 11:04:55 [error] 20#20: frontend-dormi-landing-page could not be resolved (3: Host not found)
2026/06/01 11:04:56 [error] 20#20: dormi-lb could not be resolved (3: Host not found)
2026/06/01 11:05:29 [error] 20#20: frontend-dormi-landing-page could not be resolved (3: Host not found)
2026/06/01 11:05:31 [error] 20#20: dormi-lb could not be resolved (3: Host not found)
2026/06/01 11:06:02 [error] 20#20: frontend-dormi-landing-page could not be resolved (3: Host not found)
2026/06/01 11:06:06 [error] 20#20: dormi-lb could not be resolved (3: Host not found)
2026/06/01 11:06:36 [error] 20#20: frontend-dormi-landing-page could not be resolved (3: Host not found)
2026/06/01 11:06:41 [error] 20#20: dormi-lb could not be resolved (3: Host not found)
2026/06/01 11:07:09 [error] 20#20: frontend-dormi-landing-page could not be resolved (3: Host not found)
2026/06/01 11:07:16 [error] 20#20: dormi-lb could not be resolved (3: Host not found)
2026/06/01 11:07:43 [error] 20#20: frontend-dormi-landing-page could not be resolved (3: Host not found)
2026/06/01 11:07:51 [error] 20#20: dormi-lb could not be resolved (3: Host not found)
2026/06/01 11:08:16 [error] 20#20: frontend-dormi-landing-page could not be resolved (3: Host not found)
2026/06/01 11:08:26 [error] 20#20: dormi-lb could not be resolved (3: Host not found)
2026/06/01 11:08:50 [error] 20#20: frontend-dormi-landing-page could not be resolved (3: Host not found)
2026/06/01 11:09:01 [error] 20#20: dormi-lb could not be resolved (3: Host not found)
2026/06/01 11:09:24 [error] 20#20: frontend-dormi-landing-page could not be resolved (3: Host not found)
2026/06/01 11:09:36 [error] 20#20: dormi-lb could not be resolved (3: Host not found)
2026/06/01 11:09:57 [error] 20#20: frontend-dormi-landing-page could not be resolved (3: Host not found)
2026/06/01 11:10:11 [error] 20#20: dormi-lb could not be resolved (3: Host not found)
2026/06/01 11:10:31 [error] 20#20: frontend-dormi-landing-page could not be resolved (3: Host not found)
2026/06/01 11:10:46 [error] 20#20: dormi-lb could not be resolved (3: Host not found)
2026/06/01 11:11:04 [error] 20#20: frontend-dormi-landing-page could not be resolved (3: Host not found)
2026/06/01 11:11:21 [error] 20#20: dormi-lb could not be resolved (3: Host not found)
2026/06/01 11:11:38 [error] 20#20: frontend-dormi-landing-page could not be resolved (3: Host not found)
2026/06/01 11:11:56 [error] 20#20: dormi-lb could not be resolved (3: Host not found)
2026/06/01 11:12:11 [error] 20#20: frontend-dormi-landing-page could not be resolved (3: Host not found)
2026/06/01 11:12:31 [error] 20#20: dormi-lb could not be resolved (3: Host not found)
2026/06/01 11:12:45 [error] 20#20: frontend-dormi-landing-page could not be resolved (3: Host not found)
2026/06/01 11:13:06 [error] 20#20: dormi-lb could not be resolved (3: Host not found)
2026/06/01 11:13:18 [error] 20#20: frontend-dormi-landing-page could not be resolved (3: Host not found)
2026/06/01 11:13:41 [error] 20#20: dormi-lb could not be resolved (3: Host not found)
2026/06/01 11:13:52 [error] 20#20: frontend-dormi-landing-page could not be resolved (3: Host not found)
2026/06/01 11:14:16 [error] 20#20: dormi-lb could not be resolved (3: Host not found)
2026/06/01 11:14:25 [error] 20#20: frontend-dormi-landing-page could not be resolved (3: Host not found)
